-------------------------------------------------------------------------------
Test set: in.reqres.reqresinfo.ReqresCRUDtestWithSteps
-------------------------------------------------------------------------------
Tests run: 1, Failures: 0, Errors: 1, Skipped: 0, Time elapsed: 0.005 sec <<< FAILURE! - in in.reqres.reqresinfo.ReqresCRUDtestWithSteps
test001(in.reqres.reqresinfo.ReqresCRUDtestWithSteps)  Time elapsed: 0.003 sec  <<< ERROR!
java.lang.NullPointerException: null
	at in.reqres.reqresinfo.ReqresCRUDtestWithSteps.test001(ReqresCRUDtestWithSteps.java:16)

